[5/6/2026, 10:45:23 AM GMT+5] [SUCCESS] 🚀 Surveillance Engine started at port 4000
[5/6/2026, 10:45:28 AM GMT+5] [SUCCESS] ✅ Cycle complete | Coins: 18 | Alerts: 0
[5/6/2026, 10:45:58 AM GMT+5] [SUCCESS] ✅ Cycle complete | Coins: 18 | Alerts: 0
[5/6/2026, 10:46:31 AM GMT+5] [ALERT] 🟢 SPIKE | FILECOIN | Price: $1.13 | Rise: +0.89%
[5/6/2026, 10:46:31 AM GMT+5] [SUCCESS] ✅ Cycle complete | Coins: 18 | Alerts: 0
[5/6/2026, 10:46:58 AM GMT+5] [SUCCESS] ✅ Cycle complete | Coins: 18 | Alerts: 0
[5/6/2026, 10:47:29 AM GMT+5] [SUCCESS] ✅ Cycle complete | Coins: 18 | Alerts: 0
[5/6/2026, 10:47:59 AM GMT+5] [SUCCESS] ✅ Cycle complete | Coins: 18 | Alerts: 0
[5/6/2026, 10:48:29 AM GMT+5] [SUCCESS] ✅ Cycle complete | Coins: 18 | Alerts: 0
[5/6/2026, 10:48:59 AM GMT+5] [SUCCESS] ✅ Cycle complete | Coins: 18 | Alerts: 0
[5/6/2026, 10:49:29 AM GMT+5] [ALERT] 🟢 SPIKE | COSMOS | Price: $1.92 | Rise: +0.52%
[5/6/2026, 10:49:29 AM GMT+5] [SUCCESS] ✅ Cycle complete | Coins: 18 | Alerts: 0
[5/6/2026, 10:49:59 AM GMT+5] [SUCCESS] ✅ Cycle complete | Coins: 18 | Alerts: 0
[5/6/2026, 10:50:29 AM GMT+5] [SUCCESS] ✅ Cycle complete | Coins: 18 | Alerts: 0
[5/6/2026, 10:50:59 AM GMT+5] [SUCCESS] ✅ Cycle complete | Coins: 18 | Alerts: 0
[5/6/2026, 10:51:29 AM GMT+5] [SUCCESS] ✅ Cycle complete | Coins: 18 | Alerts: 0
[5/6/2026, 10:51:59 AM GMT+5] [SUCCESS] ✅ Cycle complete | Coins: 18 | Alerts: 0
[5/6/2026, 10:52:29 AM GMT+5] [SUCCESS] ✅ Cycle complete | Coins: 18 | Alerts: 0
[5/6/2026, 10:52:59 AM GMT+5] [SUCCESS] ✅ Cycle complete | Coins: 18 | Alerts: 0
[5/6/2026, 10:53:29 AM GMT+5] [SUCCESS] ✅ Cycle complete | Coins: 18 | Alerts: 0
[5/6/2026, 10:53:59 AM GMT+5] [SUCCESS] ✅ Cycle complete | Coins: 18 | Alerts: 0
[5/6/2026, 10:54:29 AM GMT+5] [SUCCESS] ✅ Cycle complete | Coins: 18 | Alerts: 0
[5/6/2026, 10:54:59 AM GMT+5] [SUCCESS] ✅ Cycle complete | Coins: 18 | Alerts: 0
[5/6/2026, 10:55:29 AM GMT+5] [SUCCESS] ✅ Cycle complete | Coins: 18 | Alerts: 0
[5/6/2026, 10:56:00 AM GMT+5] [SUCCESS] ✅ Cycle complete | Coins: 18 | Alerts: 0
[5/6/2026, 10:56:29 AM GMT+5] [SUCCESS] ✅ Cycle complete | Coins: 18 | Alerts: 0
[5/6/2026, 10:56:59 AM GMT+5] [SUCCESS] ✅ Cycle complete | Coins: 18 | Alerts: 0
[5/6/2026, 10:57:30 AM GMT+5] [ALERT] 🔴 CRASH | FILECOIN | Price: $1.12 | Drop: -0.88%
[5/6/2026, 10:57:30 AM GMT+5] [SUCCESS] ✅ Cycle complete | Coins: 18 | Alerts: 1
[5/6/2026, 10:57:59 AM GMT+5] [SUCCESS] ✅ Cycle complete | Coins: 18 | Alerts: 0
[5/6/2026, 10:58:30 AM GMT+5] [SUCCESS] ✅ Cycle complete | Coins: 18 | Alerts: 0
[5/6/2026, 10:59:00 AM GMT+5] [ALERT] 🟢 SPIKE | COSMOS | Price: $1.93 | Rise: +0.52%
[5/6/2026, 10:59:00 AM GMT+5] [SUCCESS] ✅ Cycle complete | Coins: 18 | Alerts: 0
[5/6/2026, 10:59:30 AM GMT+5] [SUCCESS] ✅ Cycle complete | Coins: 18 | Alerts: 0
[5/6/2026, 11:00:00 AM GMT+5] [SUCCESS] ✅ Cycle complete | Coins: 18 | Alerts: 0
[5/6/2026, 11:00:30 AM GMT+5] [SUCCESS] ✅ Cycle complete | Coins: 18 | Alerts: 0
[5/6/2026, 11:01:00 AM GMT+5] [SUCCESS] ✅ Cycle complete | Coins: 18 | Alerts: 1
[5/6/2026, 11:01:00 AM GMT+5] [ALERT] 🔴 CRASH | COSMOS | Price: $1.92 | Drop: -0.52%
[5/6/2026, 11:01:30 AM GMT+5] [SUCCESS] ✅ Cycle complete | Coins: 18 | Alerts: 0
[5/6/2026, 11:02:00 AM GMT+5] [SUCCESS] ✅ Cycle complete | Coins: 18 | Alerts: 0
[5/6/2026, 11:02:30 AM GMT+5] [SUCCESS] ✅ Cycle complete | Coins: 18 | Alerts: 0
[5/6/2026, 11:03:00 AM GMT+5] [SUCCESS] ✅ Cycle complete | Coins: 18 | Alerts: 0
[5/6/2026, 11:03:31 AM GMT+5] [SUCCESS] ✅ Cycle complete | Coins: 18 | Alerts: 0
[5/6/2026, 11:04:00 AM GMT+5] [SUCCESS] ✅ Cycle complete | Coins: 18 | Alerts: 0
[5/6/2026, 11:04:30 AM GMT+5] [SUCCESS] ✅ Cycle complete | Coins: 18 | Alerts: 0
[5/6/2026, 11:05:01 AM GMT+5] [ALERT] 🟢 SPIKE | COSMOS | Price: $1.93 | Rise: +0.52%
[5/6/2026, 11:05:01 AM GMT+5] [ALERT] 🔴 CRASH | FILECOIN | Price: $1.11 | Drop: -0.89%
[5/6/2026, 11:05:01 AM GMT+5] [SUCCESS] ✅ Cycle complete | Coins: 18 | Alerts: 1
[5/6/2026, 11:05:30 AM GMT+5] [SUCCESS] ✅ Cycle complete | Coins: 18 | Alerts: 0
[5/6/2026, 11:06:00 AM GMT+5] [SUCCESS] ✅ Cycle complete | Coins: 18 | Alerts: 0
[5/6/2026, 11:06:31 AM GMT+5] [ALERT] 🔴 CRASH | FILECOIN | Price: $1.1 | Drop: -0.90%
[5/6/2026, 11:06:31 AM GMT+5] [SUCCESS] ✅ Cycle complete | Coins: 18 | Alerts: 1
[5/6/2026, 11:07:00 AM GMT+5] [SUCCESS] ✅ Cycle complete | Coins: 18 | Alerts: 0
[5/6/2026, 11:07:30 AM GMT+5] [SUCCESS] ✅ Cycle complete | Coins: 18 | Alerts: 0
[5/6/2026, 11:08:01 AM GMT+5] [ALERT] 🔴 CRASH | COSMOS | Price: $1.92 | Drop: -0.52%
[5/6/2026, 11:08:01 AM GMT+5] [SUCCESS] ✅ Cycle complete | Coins: 18 | Alerts: 1
[5/6/2026, 11:08:30 AM GMT+5] [SUCCESS] ✅ Cycle complete | Coins: 18 | Alerts: 0
[5/6/2026, 11:09:00 AM GMT+5] [SUCCESS] ✅ Cycle complete | Coins: 18 | Alerts: 0
[5/6/2026, 11:09:31 AM GMT+5] [SUCCESS] ✅ Cycle complete | Coins: 18 | Alerts: 0
[5/6/2026, 11:10:01 AM GMT+5] [SUCCESS] ✅ Cycle complete | Coins: 18 | Alerts: 0
[5/6/2026, 11:46:52 AM GMT+5] [SUCCESS] 🚀 Surveillance Engine started at port 4000
[5/6/2026, 11:46:54 AM GMT+5] [SUCCESS] ✅ Cycle complete | Coins: 18 | Alerts: 0
[5/6/2026, 11:47:24 AM GMT+5] [SUCCESS] ✅ Cycle complete | Coins: 18 | Alerts: 0
[5/6/2026, 11:47:54 AM GMT+5] [SUCCESS] ✅ Cycle complete | Coins: 18 | Alerts: 0
[5/6/2026, 11:48:24 AM GMT+5] [SUCCESS] ✅ Cycle complete | Coins: 18 | Alerts: 0
[5/6/2026, 11:48:54 AM GMT+5] [SUCCESS] ✅ Cycle complete | Coins: 18 | Alerts: 0
[5/6/2026, 11:49:35 AM GMT+5] [ERROR] Attempt 1 failed: fetch failed
[5/6/2026, 11:49:37 AM GMT+5] [ERROR] Attempt 2 failed: fetch failed
[5/6/2026, 11:49:40 AM GMT+5] [ERROR] Attempt 3 failed: fetch failed
[5/6/2026, 11:49:40 AM GMT+5] [ERROR] ❌ Cycle error: fetch failed
[5/6/2026, 11:49:54 AM GMT+5] [SUCCESS] ✅ Cycle complete | Coins: 18 | Alerts: 0
[5/6/2026, 11:50:24 AM GMT+5] [SUCCESS] ✅ Cycle complete | Coins: 18 | Alerts: 0
[5/6/2026, 11:50:54 AM GMT+5] [SUCCESS] ✅ Cycle complete | Coins: 18 | Alerts: 0
[5/6/2026, 11:51:24 AM GMT+5] [SUCCESS] ✅ Cycle complete | Coins: 18 | Alerts: 0
[5/6/2026, 11:51:54 AM GMT+5] [SUCCESS] ✅ Cycle complete | Coins: 18 | Alerts: 0
[5/6/2026, 11:52:25 AM GMT+5] [ALERT] 🔴 CRASH | FILECOIN | Price: $1.086 | Drop: -0.64%
[5/6/2026, 11:52:25 AM GMT+5] [SUCCESS] ✅ Cycle complete | Coins: 18 | Alerts: 1
[5/6/2026, 11:52:54 AM GMT+5] [SUCCESS] ✅ Cycle complete | Coins: 18 | Alerts: 0
[5/6/2026, 11:53:24 AM GMT+5] [SUCCESS] ✅ Cycle complete | Coins: 18 | Alerts: 0
[5/6/2026, 11:53:54 AM GMT+5] [SUCCESS] ✅ Cycle complete | Coins: 18 | Alerts: 0
[5/6/2026, 11:54:24 AM GMT+5] [SUCCESS] ✅ Cycle complete | Coins: 18 | Alerts: 0
[5/6/2026, 11:54:55 AM GMT+5] [ALERT] 🟢 SPIKE | ALGORAND | Price: $0.119949 | Rise: +0.57%
[5/6/2026, 11:54:55 AM GMT+5] [SUCCESS] ✅ Cycle complete | Coins: 18 | Alerts: 0
[5/6/2026, 11:55:25 AM GMT+5] [SUCCESS] ✅ Cycle complete | Coins: 18 | Alerts: 0
[5/6/2026, 11:55:55 AM GMT+5] [SUCCESS] ✅ Cycle complete | Coins: 18 | Alerts: 0
[5/6/2026, 11:56:25 AM GMT+5] [SUCCESS] ✅ Cycle complete | Coins: 18 | Alerts: 0
[5/6/2026, 11:56:55 AM GMT+5] [SUCCESS] ✅ Cycle complete | Coins: 18 | Alerts: 0
[5/6/2026, 11:57:25 AM GMT+5] [ALERT] 🟢 SPIKE | COSMOS | Price: $1.93 | Rise: +0.52%
[5/6/2026, 11:57:25 AM GMT+5] [SUCCESS] ✅ Cycle complete | Coins: 18 | Alerts: 0
[5/6/2026, 11:57:55 AM GMT+5] [SUCCESS] ✅ Cycle complete | Coins: 18 | Alerts: 0
[5/6/2026, 11:58:25 AM GMT+5] [SUCCESS] ✅ Cycle complete | Coins: 18 | Alerts: 0
[5/6/2026, 11:58:55 AM GMT+5] [SUCCESS] ✅ Cycle complete | Coins: 18 | Alerts: 0
[5/6/2026, 11:59:25 AM GMT+5] [SUCCESS] ✅ Cycle complete | Coins: 18 | Alerts: 0
[5/6/2026, 11:59:56 AM GMT+5] [SUCCESS] ✅ Cycle complete | Coins: 18 | Alerts: 0
[5/6/2026, 12:00:25 PM GMT+5] [SUCCESS] ✅ Cycle complete | Coins: 18 | Alerts: 0
[5/6/2026, 12:00:55 PM GMT+5] [SUCCESS] ✅ Cycle complete | Coins: 18 | Alerts: 0
[5/6/2026, 12:01:26 PM GMT+5] [ALERT] 🔴 CRASH | COSMOS | Price: $1.92 | Drop: -0.52%
[5/6/2026, 12:01:26 PM GMT+5] [SUCCESS] ✅ Cycle complete | Coins: 18 | Alerts: 1
[5/6/2026, 12:01:56 PM GMT+5] [SUCCESS] ✅ Cycle complete | Coins: 18 | Alerts: 0
[5/6/2026, 12:02:26 PM GMT+5] [SUCCESS] ✅ Cycle complete | Coins: 18 | Alerts: 0
[5/6/2026, 12:02:55 PM GMT+5] [SUCCESS] ✅ Cycle complete | Coins: 18 | Alerts: 0
[5/6/2026, 12:03:27 PM GMT+5] [ALERT] 🟢 SPIKE | COSMOS | Price: $1.93 | Rise: +0.52%
[5/6/2026, 12:03:27 PM GMT+5] [SUCCESS] ✅ Cycle complete | Coins: 18 | Alerts: 0
[5/6/2026, 12:03:56 PM GMT+5] [SUCCESS] ✅ Cycle complete | Coins: 18 | Alerts: 0
[5/6/2026, 12:04:26 PM GMT+5] [SUCCESS] ✅ Cycle complete | Coins: 18 | Alerts: 0
[5/6/2026, 12:04:56 PM GMT+5] [ALERT] 🔴 CRASH | COSMOS | Price: $1.92 | Drop: -0.52%
[5/6/2026, 12:04:56 PM GMT+5] [SUCCESS] ✅ Cycle complete | Coins: 18 | Alerts: 1
[5/6/2026, 12:05:26 PM GMT+5] [SUCCESS] ✅ Cycle complete | Coins: 18 | Alerts: 0
[5/6/2026, 12:05:56 PM GMT+5] [SUCCESS] ✅ Cycle complete | Coins: 18 | Alerts: 0
[5/6/2026, 12:06:26 PM GMT+5] [ALERT] 🟢 SPIKE | COSMOS | Price: $1.93 | Rise: +0.52%
[5/6/2026, 12:06:26 PM GMT+5] [SUCCESS] ✅ Cycle complete | Coins: 18 | Alerts: 0
[5/6/2026, 12:06:56 PM GMT+5] [SUCCESS] ✅ Cycle complete | Coins: 18 | Alerts: 0
[5/6/2026, 12:07:26 PM GMT+5] [SUCCESS] ✅ Cycle complete | Coins: 18 | Alerts: 0
[5/6/2026, 12:07:56 PM GMT+5] [SUCCESS] ✅ Cycle complete | Coins: 18 | Alerts: 0
[5/6/2026, 12:08:26 PM GMT+5] [SUCCESS] ✅ Cycle complete | Coins: 18 | Alerts: 0
[5/6/2026, 12:08:56 PM GMT+5] [SUCCESS] ✅ Cycle complete | Coins: 18 | Alerts: 0
[5/6/2026, 12:09:26 PM GMT+5] [SUCCESS] ✅ Cycle complete | Coins: 18 | Alerts: 0
[5/6/2026, 12:09:56 PM GMT+5] [SUCCESS] ✅ Cycle complete | Coins: 18 | Alerts: 0
[5/6/2026, 12:10:26 PM GMT+5] [SUCCESS] ✅ Cycle complete | Coins: 18 | Alerts: 0
[5/6/2026, 12:10:56 PM GMT+5] [SUCCESS] ✅ Cycle complete | Coins: 18 | Alerts: 0
[5/6/2026, 12:11:26 PM GMT+5] [SUCCESS] ✅ Cycle complete | Coins: 18 | Alerts: 0
[5/6/2026, 12:11:57 PM GMT+5] [SUCCESS] ✅ Cycle complete | Coins: 18 | Alerts: 0
[5/6/2026, 12:12:26 PM GMT+5] [SUCCESS] ✅ Cycle complete | Coins: 18 | Alerts: 0
[5/6/2026, 12:12:56 PM GMT+5] [SUCCESS] ✅ Cycle complete | Coins: 18 | Alerts: 0
[5/6/2026, 12:13:27 PM GMT+5] [ALERT] 🟢 SPIKE | MONERO | Price: $421.76 | Rise: +0.52%
[5/6/2026, 12:13:27 PM GMT+5] [SUCCESS] ✅ Cycle complete | Coins: 18 | Alerts: 0
[5/6/2026, 12:13:56 PM GMT+5] [SUCCESS] ✅ Cycle complete | Coins: 18 | Alerts: 0
[5/6/2026, 12:14:27 PM GMT+5] [SUCCESS] ✅ Cycle complete | Coins: 18 | Alerts: 0
[5/6/2026, 12:14:56 PM GMT+5] [SUCCESS] ✅ Cycle complete | Coins: 18 | Alerts: 0
[5/6/2026, 12:15:27 PM GMT+5] [SUCCESS] ✅ Cycle complete | Coins: 18 | Alerts: 0
[5/6/2026, 12:15:57 PM GMT+5] [SUCCESS] ✅ Cycle complete | Coins: 18 | Alerts: 0
[5/6/2026, 12:16:27 PM GMT+5] [SUCCESS] ✅ Cycle complete | Coins: 18 | Alerts: 0
[5/6/2026, 12:16:57 PM GMT+5] [SUCCESS] ✅ Cycle complete | Coins: 18 | Alerts: 0
[5/6/2026, 12:17:27 PM GMT+5] [SUCCESS] ✅ Cycle complete | Coins: 18 | Alerts: 0
[5/6/2026, 12:17:57 PM GMT+5] [SUCCESS] ✅ Cycle complete | Coins: 18 | Alerts: 0
